[2023-06-08 22:14:34,378: INFO: main: Welcome to my log.]
[2023-06-09 18:04:30,878: INFO: common: yaml file: config\config.yaml is loaded succesfully.]
[2023-06-09 18:05:15,619: INFO: common: yaml file: config\config.yaml is loaded succesfully.]
[2023-06-09 18:05:15,633: INFO: common: yaml file: params.yaml is loaded succesfully.]
[2023-06-09 18:05:19,456: INFO: 2679486745: artifacts/data_ingestion/data.zip downloaded with the following info: 
 Server: GitHub.com
Date: Fri, 09 Jun 2023 15:05:16 GMT
Content-Type: text/html; charset=utf-8
Vary: X-PJAX, X-PJAX-Container, Turbo-Visit, Turbo-Frame, Accept-Encoding, Accept, X-Requested-With
ETag: W/"86747126db211cf1764f07baca608fdc"
Cache-Control: max-age=0, private, must-revalidate
Strict-Transport-Security: max-age=31536000; includeSubdomains; preload
X-Frame-Options: deny
X-Content-Type-Options: nosniff
X-XSS-Protection: 0
Referrer-Policy: no-referrer-when-downgrade
Content-Security-Policy: default-src 'none'; base-uri 'self'; block-all-mixed-content; child-src github.com/assets-cdn/worker/ gist.github.com/assets-cdn/worker/; connect-src 'self' uploads.github.com objects-origin.githubusercontent.com www.githubstatus.com collector.github.com raw.githubusercontent.com api.github.com github-cloud.s3.amazonaws.com github-production-repository-file-5c1aeb.s3.amazonaws.com github-production-upload-manifest-file-7fdce7.s3.amazonaws.com github-production-user-asset-6210df.s3.amazonaws.com cdn.optimizely.com logx.optimizely.com/v1/events *.actions.githubusercontent.com productionresultssa0.blob.core.windows.net/ productionresultssa1.blob.core.windows.net/ productionresultssa2.blob.core.windows.net/ productionresultssa3.blob.core.windows.net/ productionresultssa4.blob.core.windows.net/ wss://*.actions.githubusercontent.com github-production-repository-image-32fea6.s3.amazonaws.com github-production-release-asset-2e65be.s3.amazonaws.com insights.github.com wss://alive.github.com; font-src github.githubassets.com; form-action 'self' github.com gist.github.com objects-origin.githubusercontent.com; frame-ancestors 'none'; frame-src viewscreen.githubusercontent.com notebooks.githubusercontent.com; img-src 'self' data: github.githubassets.com media.githubusercontent.com camo.githubusercontent.com identicons.github.com avatars.githubusercontent.com github-cloud.s3.amazonaws.com objects.githubusercontent.com objects-origin.githubusercontent.com secured-user-images.githubusercontent.com/ user-images.githubusercontent.com/ private-user-images.githubusercontent.com opengraph.githubassets.com github-production-user-asset-6210df.s3.amazonaws.com customer-stories-feed.github.com spotlights-feed.github.com *.githubusercontent.com; manifest-src 'self'; media-src github.com user-images.githubusercontent.com/ secured-user-images.githubusercontent.com/ private-user-images.githubusercontent.com; script-src github.githubassets.com; style-src 'unsafe-inline' github.githubassets.com; worker-src github.com/assets-cdn/worker/ gist.github.com/assets-cdn/worker/
Set-Cookie: _gh_sess=yT6INKarKUpra9DfO1UW4QL4fFtvHvQfPR2wkLP37xpKqOmQQggGpzvnLtIg4nDr5kilJZXynyaXAOX4GMLyn8vC1djzY4fb3adPPdKbai6bOX%2BAjtI7ffq9lzFhy%2FxpOkfjr%2B4SyHBUNIMO1jJ55UHXEWlvozitDJqcX6n0XCSthTYjwRLeaf9fIRENW4uXEkUnhuU4%2B2OBaOgCrIMSqeEZYARpguLL7Gk0mtyy35F7mrWyHUGwtqPyQModAfScnUTVTQZYnjrjKnrwTSppqA%3D%3D--AafINJ%2Bif8pjdINr--r2Bwfgcrx0gDYrqC2gfpaQ%3D%3D; Path=/; HttpOnly; Secure; SameSite=Lax
Set-Cookie: _octo=GH1.1.506278267.1686323115; Path=/; Domain=github.com; Expires=Sun, 09 Jun 2024 15:05:15 GMT; Secure; SameSite=Lax
Set-Cookie: logged_in=no; Path=/; Domain=github.com; Expires=Sun, 09 Jun 2024 15:05:15 GMT; HttpOnly; Secure; SameSite=Lax
Accept-Ranges: bytes
Transfer-Encoding: chunked
X-GitHub-Request-Id: B3E6:15E2:3DE2E0A:5AD783E:64833FAB
connection: close

]
[2023-06-09 18:06:41,992: INFO: common: yaml file: config\config.yaml is loaded succesfully.]
[2023-06-09 18:06:42,009: INFO: common: yaml file: params.yaml is loaded succesfully.]
[2023-06-09 18:07:24,679: INFO: common: yaml file: config\config.yaml is loaded succesfully.]
[2023-06-09 18:07:24,685: INFO: common: yaml file: params.yaml is loaded succesfully.]
[2023-06-09 18:07:49,038: INFO: 2679486745: artifacts/data_ingestion/data.zip downloaded with the following info: 
 Connection: close
Content-Length: 11616915
Cache-Control: max-age=300
Content-Security-Policy: default-src 'none'; style-src 'unsafe-inline'; sandbox
Content-Type: application/zip
ETag: "adf745abc03891fe493c3be264ec012691fe3fa21d861f35a27edbe6d86a76b1"
Strict-Transport-Security: max-age=31536000
X-Content-Type-Options: nosniff
X-Frame-Options: deny
X-XSS-Protection: 1; mode=block
X-GitHub-Request-Id: 190E:4994:F4FE80:11F83B7:64834031
Accept-Ranges: bytes
Date: Fri, 09 Jun 2023 15:07:29 GMT
Via: 1.1 varnish
X-Served-By: cache-sjc10062-SJC
X-Cache: MISS
X-Cache-Hits: 0
X-Timer: S1686323249.997024,VS0,VE491
Vary: Authorization,Accept-Encoding,Origin
Access-Control-Allow-Origin: *
Cross-Origin-Resource-Policy: cross-origin
X-Fastly-Request-ID: 199a2900f904702f83a7bd79242b90822878c824
Expires: Fri, 09 Jun 2023 15:12:29 GMT
Source-Age: 0

]
[2023-06-09 18:52:09,177: INFO: main: >>>>>>stage Data Ingestion Stage. started<<<<<<<]
[2023-06-09 18:52:09,181: INFO: common: yaml file: config\config.yaml is loaded succesfully.]
[2023-06-09 18:52:09,182: INFO: common: yaml file: params.yaml is loaded succesfully.]
[2023-06-09 18:52:24,775: INFO: data_ingestion: artifacts/data_ingestion/data.zip downloaded with the following info: 
 Connection: close
Content-Length: 11616915
Cache-Control: max-age=300
Content-Security-Policy: default-src 'none'; style-src 'unsafe-inline'; sandbox
Content-Type: application/zip
ETag: "adf745abc03891fe493c3be264ec012691fe3fa21d861f35a27edbe6d86a76b1"
Strict-Transport-Security: max-age=31536000
X-Content-Type-Options: nosniff
X-Frame-Options: deny
X-XSS-Protection: 1; mode=block
X-GitHub-Request-Id: 86C6:641E:D15B3A:F6B7E6:64834AAB
Accept-Ranges: bytes
Date: Fri, 09 Jun 2023 15:52:11 GMT
Via: 1.1 varnish
X-Served-By: cache-sjc1000120-SJC
X-Cache: MISS
X-Cache-Hits: 0
X-Timer: S1686325931.107225,VS0,VE450
Vary: Authorization,Accept-Encoding,Origin
Access-Control-Allow-Origin: *
Cross-Origin-Resource-Policy: cross-origin
X-Fastly-Request-ID: ae64f48b0ebbcd13c4f69eb3fb601b5c1c899b00
Expires: Fri, 09 Jun 2023 15:57:11 GMT
Source-Age: 0

]
[2023-06-09 18:52:25,845: INFO: main: >>>>>>stage Data Ingestion Stage. completed<<<<<<<

x=====================x]
[2023-06-09 18:56:12,147: INFO: main: >>>>>>stage Data Ingestion Stage. started<<<<<<<]
[2023-06-09 18:56:12,155: INFO: common: yaml file: config\config.yaml is loaded succesfully.]
[2023-06-09 18:56:12,157: INFO: common: yaml file: params.yaml is loaded succesfully.]
[2023-06-09 18:56:12,158: INFO: configuration: created directory at: artifacts]
[2023-06-09 18:56:12,159: INFO: configuration: created directory at: artifacts/data_ingestion]
[2023-06-09 18:56:26,047: INFO: data_ingestion: artifacts/data_ingestion/data.zip downloaded with the following info: 
 Connection: close
Content-Length: 11616915
Cache-Control: max-age=300
Content-Security-Policy: default-src 'none'; style-src 'unsafe-inline'; sandbox
Content-Type: application/zip
ETag: "adf745abc03891fe493c3be264ec012691fe3fa21d861f35a27edbe6d86a76b1"
Strict-Transport-Security: max-age=31536000
X-Content-Type-Options: nosniff
X-Frame-Options: deny
X-XSS-Protection: 1; mode=block
X-GitHub-Request-Id: 86C6:641E:D15B3A:F6B7E6:64834AAB
Accept-Ranges: bytes
Date: Fri, 09 Jun 2023 15:56:13 GMT
Via: 1.1 varnish
X-Served-By: cache-sjc1000115-SJC
X-Cache: HIT
X-Cache-Hits: 0
X-Timer: S1686326173.206099,VS0,VE1
Vary: Authorization,Accept-Encoding,Origin
Access-Control-Allow-Origin: *
Cross-Origin-Resource-Policy: cross-origin
X-Fastly-Request-ID: cf8142ea99be7dc61bb03c1f28cb8269a24f42dc
Expires: Fri, 09 Jun 2023 16:01:13 GMT
Source-Age: 242

]
[2023-06-09 18:56:26,973: INFO: main: >>>>>>stage Data Ingestion Stage. completed<<<<<<<

x=====================x]
[2023-06-09 20:39:47,265: INFO: common: yaml file: config\config.yaml is loaded succesfully.]
[2023-06-09 20:39:47,319: INFO: common: yaml file: params.yaml is loaded succesfully.]
[2023-06-09 20:42:57,263: INFO: common: yaml file: config\config.yaml is loaded succesfully.]
[2023-06-09 20:42:57,268: INFO: common: yaml file: params.yaml is loaded succesfully.]
[2023-06-09 20:44:58,500: INFO: common: yaml file: config\config.yaml is loaded succesfully.]
[2023-06-09 20:44:58,506: INFO: common: yaml file: params.yaml is loaded succesfully.]
[2023-06-09 20:50:59,187: INFO: common: yaml file: config\config.yaml is loaded succesfully.]
[2023-06-09 20:50:59,194: INFO: common: yaml file: params.yaml is loaded succesfully.]
[2023-06-09 20:51:10,688: INFO: common: yaml file: config\config.yaml is loaded succesfully.]
[2023-06-09 20:51:10,704: INFO: common: yaml file: params.yaml is loaded succesfully.]
[2023-06-09 20:55:13,022: INFO: common: yaml file: config\config.yaml is loaded succesfully.]
[2023-06-09 20:55:13,029: INFO: common: yaml file: params.yaml is loaded succesfully.]
[2023-06-09 20:55:20,122: INFO: common: yaml file: config\config.yaml is loaded succesfully.]
[2023-06-09 20:55:20,128: INFO: common: yaml file: params.yaml is loaded succesfully.]
[2023-06-09 20:56:10,928: INFO: common: yaml file: config\config.yaml is loaded succesfully.]
[2023-06-09 20:56:10,933: INFO: common: yaml file: params.yaml is loaded succesfully.]
[2023-06-09 21:19:29,389: INFO: common: yaml file: config\config.yaml is loaded succesfully.]
[2023-06-09 21:19:29,397: INFO: common: yaml file: params.yaml is loaded succesfully.]
[2023-06-09 21:21:25,283: INFO: common: yaml file: config\config.yaml is loaded succesfully.]
[2023-06-09 21:21:25,288: INFO: common: yaml file: params.yaml is loaded succesfully.]
[2023-06-09 21:22:26,177: INFO: common: yaml file: config\config.yaml is loaded succesfully.]
[2023-06-09 21:22:26,183: INFO: common: yaml file: params.yaml is loaded succesfully.]
[2023-06-09 21:22:57,149: INFO: common: yaml file: config\config.yaml is loaded succesfully.]
[2023-06-09 21:22:57,183: INFO: common: yaml file: params.yaml is loaded succesfully.]
[2023-06-09 21:23:57,118: INFO: common: yaml file: config\config.yaml is loaded succesfully.]
[2023-06-09 21:23:57,127: INFO: common: yaml file: params.yaml is loaded succesfully.]
[2023-06-09 21:25:16,889: INFO: common: yaml file: config\config.yaml is loaded succesfully.]
[2023-06-09 21:25:16,899: INFO: common: yaml file: params.yaml is loaded succesfully.]
[2023-06-09 21:25:37,904: INFO: common: yaml file: config\config.yaml is loaded succesfully.]
[2023-06-09 21:25:37,913: INFO: common: yaml file: params.yaml is loaded succesfully.]
[2023-06-09 22:16:31,240: INFO: common: yaml file: config\config.yaml is loaded succesfully.]
[2023-06-09 22:16:31,297: INFO: common: yaml file: params.yaml is loaded succesfully.]
[2023-06-09 22:16:52,050: INFO: common: yaml file: config\config.yaml is loaded succesfully.]
[2023-06-09 22:16:52,061: INFO: common: yaml file: params.yaml is loaded succesfully.]
[2023-06-10 19:05:50,722: INFO: common: yaml file: config\config.yaml is loaded succesfully.]
[2023-06-10 19:05:50,758: INFO: common: yaml file: params.yaml is loaded succesfully.]
[2023-06-10 19:05:50,764: INFO: common: Created a directory at: artifacts/prepare_base_model]
[2023-06-10 19:06:55,702: WARNING: saving_utils: Compiled the loaded model, but the compiled metrics have yet to be built. `model.compile_metrics` will be empty until you train or evaluate the model.]
[2023-06-10 19:18:37,682: INFO: common: yaml file: config\config.yaml is loaded succesfully.]
[2023-06-10 19:18:37,722: INFO: common: yaml file: params.yaml is loaded succesfully.]
[2023-06-10 19:18:37,747: INFO: common: Created a directory at: artifacts/prepare_base_model]
[2023-06-10 19:18:41,743: WARNING: saving_utils: Compiled the loaded model, but the compiled metrics have yet to be built. `model.compile_metrics` will be empty until you train or evaluate the model.]
[2023-06-10 20:02:00,116: INFO: main: >>>>>>stage Data Ingestion Stage. started<<<<<<<]
[2023-06-10 20:02:00,123: INFO: common: yaml file: config\config.yaml is loaded succesfully.]
[2023-06-10 20:02:00,130: INFO: common: yaml file: params.yaml is loaded succesfully.]
[2023-06-10 20:02:00,133: INFO: common: Created a directory at: artifacts]
[2023-06-10 20:02:00,134: INFO: configuration: created directory at: artifacts]
[2023-06-10 20:02:00,136: INFO: common: Created a directory at: artifacts/data_ingestion]
[2023-06-10 20:02:00,136: INFO: configuration: created directory at: artifacts/data_ingestion]
[2023-06-10 20:02:22,184: INFO: data_ingestion: artifacts/data_ingestion/data.zip downloaded with the following info: 
 Connection: close
Content-Length: 11616915
Cache-Control: max-age=300
Content-Security-Policy: default-src 'none'; style-src 'unsafe-inline'; sandbox
Content-Type: application/zip
ETag: "adf745abc03891fe493c3be264ec012691fe3fa21d861f35a27edbe6d86a76b1"
Strict-Transport-Security: max-age=31536000
X-Content-Type-Options: nosniff
X-Frame-Options: deny
X-XSS-Protection: 1; mode=block
X-GitHub-Request-Id: EEE2:17B8:1DAF0E:24B52C:6484AC8A
Accept-Ranges: bytes
Date: Sat, 10 Jun 2023 17:02:02 GMT
Via: 1.1 varnish
X-Served-By: cache-mia-kmia1760070-MIA
X-Cache: MISS
X-Cache-Hits: 0
X-Timer: S1686416522.057568,VS0,VE357
Vary: Authorization,Accept-Encoding,Origin
Access-Control-Allow-Origin: *
Cross-Origin-Resource-Policy: cross-origin
X-Fastly-Request-ID: edfe867381ac732f8fa42631afc07adf9dd27c82
Expires: Sat, 10 Jun 2023 17:07:02 GMT
Source-Age: 0

]
[2023-06-10 20:02:23,633: INFO: main: >>>>>>stage Data Ingestion Stage. completed<<<<<<<

x=====================x]
[2023-06-10 20:02:23,675: INFO: main: ****************************************]
[2023-06-10 20:02:23,710: INFO: main: >>>>>>>>>>stage {STAGE_NAME} started <<<<<<<<<<]
[2023-06-10 20:02:23,732: INFO: common: yaml file: config\config.yaml is loaded succesfully.]
[2023-06-10 20:02:23,769: INFO: common: yaml file: params.yaml is loaded succesfully.]
[2023-06-10 20:02:23,819: INFO: configuration: created directory at: artifacts]
[2023-06-10 20:02:23,860: INFO: common: Created a directory at: artifacts/prepare_base_model]
[2023-06-10 20:02:23,871: ERROR: main: local variable 'PrepareBaseModel' referenced before assignment]
Traceback (most recent call last):
  File "main.py", line 20, in <module>
    obj.main()
  File "c:\users\examination8550\notebook\chicken-disease-classification\src\cnnClassifier\pipeline\stage_02_prepare_base_model.py", line 12, in main
    PrepareBaseModel = PrepareBaseModel(config=prepare_base_model_config)
UnboundLocalError: local variable 'PrepareBaseModel' referenced before assignment
[2023-06-10 20:09:11,728: INFO: main: >>>>>>stage Data Ingestion Stage. started<<<<<<<]
[2023-06-10 20:09:11,736: INFO: common: yaml file: config\config.yaml is loaded succesfully.]
[2023-06-10 20:09:11,743: INFO: common: yaml file: params.yaml is loaded succesfully.]
[2023-06-10 20:09:11,746: INFO: common: Created a directory at: artifacts]
[2023-06-10 20:09:11,747: INFO: configuration: created directory at: artifacts]
[2023-06-10 20:09:11,748: INFO: common: Created a directory at: artifacts/data_ingestion]
[2023-06-10 20:09:11,749: INFO: configuration: created directory at: artifacts/data_ingestion]
[2023-06-10 20:09:33,172: INFO: data_ingestion: artifacts/data_ingestion/data.zip downloaded with the following info: 
 Connection: close
Content-Length: 11616915
Cache-Control: max-age=300
Content-Security-Policy: default-src 'none'; style-src 'unsafe-inline'; sandbox
Content-Type: application/zip
ETag: "adf745abc03891fe493c3be264ec012691fe3fa21d861f35a27edbe6d86a76b1"
Strict-Transport-Security: max-age=31536000
X-Content-Type-Options: nosniff
X-Frame-Options: deny
X-XSS-Protection: 1; mode=block
X-GitHub-Request-Id: EEE2:17B8:1DAF0E:24B52C:6484AC8A
Accept-Ranges: bytes
Date: Sat, 10 Jun 2023 17:09:14 GMT
Via: 1.1 varnish
X-Served-By: cache-mia-kmia1760041-MIA
X-Cache: HIT
X-Cache-Hits: 0
X-Timer: S1686416955.763447,VS0,VE93
Vary: Authorization,Accept-Encoding,Origin
Access-Control-Allow-Origin: *
Cross-Origin-Resource-Policy: cross-origin
X-Fastly-Request-ID: 9e29bd786dd27820a8dd8ecea2de06ee16e28e31
Expires: Sat, 10 Jun 2023 17:14:14 GMT
Source-Age: 0

]
[2023-06-10 20:09:34,039: INFO: main: >>>>>>stage Data Ingestion Stage. completed<<<<<<<

x=====================x]
[2023-06-10 20:09:34,040: INFO: main: ****************************************]
[2023-06-10 20:09:34,040: INFO: main: >>>>>>>>>>stage {STAGE_NAME} started <<<<<<<<<<]
[2023-06-10 20:09:34,048: INFO: common: yaml file: config\config.yaml is loaded succesfully.]
[2023-06-10 20:09:34,053: INFO: common: yaml file: params.yaml is loaded succesfully.]
[2023-06-10 20:09:34,054: INFO: configuration: created directory at: artifacts]
[2023-06-10 20:09:34,056: INFO: common: Created a directory at: artifacts/prepare_base_model]
[2023-06-10 20:09:34,056: ERROR: main: local variable 'PrepareBaseModel' referenced before assignment]
Traceback (most recent call last):
  File "main.py", line 20, in <module>
    obj.main()
  File "c:\users\examination8550\notebook\chicken-disease-classification\src\cnnClassifier\pipeline\stage_02_prepare_base_model.py", line 12, in main
    PrepareBaseModel = PrepareBaseModel(config=prepare_base_model_config)
UnboundLocalError: local variable 'PrepareBaseModel' referenced before assignment
[2023-06-10 20:26:32,634: INFO: main: >>>>>>stage Data Ingestion Stage. started<<<<<<<]
[2023-06-10 20:26:32,641: INFO: common: yaml file: config\config.yaml is loaded succesfully.]
[2023-06-10 20:26:32,651: INFO: common: yaml file: params.yaml is loaded succesfully.]
[2023-06-10 20:26:32,655: INFO: common: Created a directory at: artifacts]
[2023-06-10 20:26:32,656: INFO: configuration: created directory at: artifacts]
[2023-06-10 20:26:32,657: INFO: common: Created a directory at: artifacts/data_ingestion]
[2023-06-10 20:26:32,658: INFO: configuration: created directory at: artifacts/data_ingestion]
[2023-06-10 20:26:49,130: INFO: data_ingestion: artifacts/data_ingestion/data.zip downloaded with the following info: 
 Connection: close
Content-Length: 11616915
Cache-Control: max-age=300
Content-Security-Policy: default-src 'none'; style-src 'unsafe-inline'; sandbox
Content-Type: application/zip
ETag: "adf745abc03891fe493c3be264ec012691fe3fa21d861f35a27edbe6d86a76b1"
Strict-Transport-Security: max-age=31536000
X-Content-Type-Options: nosniff
X-Frame-Options: deny
X-XSS-Protection: 1; mode=block
X-GitHub-Request-Id: EEE2:17B8:1DAF0E:24B52C:6484AC8A
Accept-Ranges: bytes
Date: Sat, 10 Jun 2023 17:26:34 GMT
Via: 1.1 varnish
X-Served-By: cache-mia-kmia1760045-MIA
X-Cache: HIT
X-Cache-Hits: 0
X-Timer: S1686417994.204235,VS0,VE82
Vary: Authorization,Accept-Encoding,Origin
Access-Control-Allow-Origin: *
Cross-Origin-Resource-Policy: cross-origin
X-Fastly-Request-ID: c822cd1d40712a9be4b5171efb0ea0836faa431c
Expires: Sat, 10 Jun 2023 17:31:34 GMT
Source-Age: 0

]
[2023-06-10 20:26:50,068: INFO: main: >>>>>>stage Data Ingestion Stage. completed<<<<<<<

x=====================x]
[2023-06-10 20:26:50,069: INFO: main: ****************************************]
[2023-06-10 20:26:50,069: INFO: main: >>>>>>>>>>stage {STAGE_NAME} started <<<<<<<<<<]
[2023-06-10 20:26:50,074: INFO: common: yaml file: config\config.yaml is loaded succesfully.]
[2023-06-10 20:26:50,080: INFO: common: yaml file: params.yaml is loaded succesfully.]
[2023-06-10 20:26:50,081: INFO: configuration: created directory at: artifacts]
[2023-06-10 20:26:50,082: INFO: common: Created a directory at: artifacts/prepare_base_model]
[2023-06-10 20:26:50,084: ERROR: main: local variable 'PrepareBaseModel' referenced before assignment]
Traceback (most recent call last):
  File "main.py", line 20, in <module>
    obj.main()
  File "c:\users\examination8550\notebook\chicken-disease-classification\src\cnnClassifier\pipeline\stage_02_prepare_base_model.py", line 12, in main
    PrepareBaseModel = PrepareBaseModel(config=prepare_base_model_config)
UnboundLocalError: local variable 'PrepareBaseModel' referenced before assignment
[2023-06-10 20:34:04,567: INFO: main: >>>>>>stage Data Ingestion Stage. started<<<<<<<]
[2023-06-10 20:34:04,573: INFO: common: yaml file: config\config.yaml is loaded succesfully.]
[2023-06-10 20:34:04,579: INFO: common: yaml file: params.yaml is loaded succesfully.]
[2023-06-10 20:34:04,582: INFO: common: Created a directory at: artifacts]
[2023-06-10 20:34:04,583: INFO: configuration: created directory at: artifacts]
[2023-06-10 20:34:04,584: INFO: common: Created a directory at: artifacts/data_ingestion]
[2023-06-10 20:34:04,585: INFO: configuration: created directory at: artifacts/data_ingestion]
[2023-06-10 20:39:55,009: ERROR: main: [WinError 10054] An existing connection was forcibly closed by the remote host]
Traceback (most recent call last):
  File "main.py", line 10, in <module>
    data_ingestion.main()
  File "c:\users\examination8550\notebook\chicken-disease-classification\src\cnnClassifier\pipeline\stage_01_data_ingestion.py", line 13, in main
    data_ingestion.download_file()
  File "c:\users\examination8550\notebook\chicken-disease-classification\src\cnnClassifier\components\data_ingestion.py", line 13, in download_file
    filename, headers = request.urlretrieve(url=self.config.source_URL,
  File "C:\Users\examination8550\anaconda3\envs\chickenEnv\lib\urllib\request.py", line 276, in urlretrieve
    block = fp.read(bs)
  File "C:\Users\examination8550\anaconda3\envs\chickenEnv\lib\http\client.py", line 459, in read
    n = self.readinto(b)
  File "C:\Users\examination8550\anaconda3\envs\chickenEnv\lib\http\client.py", line 503, in readinto
    n = self.fp.readinto(b)
  File "C:\Users\examination8550\anaconda3\envs\chickenEnv\lib\socket.py", line 669, in readinto
    return self._sock.recv_into(b)
  File "C:\Users\examination8550\anaconda3\envs\chickenEnv\lib\ssl.py", line 1241, in recv_into
    return self.read(nbytes, buffer)
  File "C:\Users\examination8550\anaconda3\envs\chickenEnv\lib\ssl.py", line 1099, in read
    return self._sslobj.read(len, buffer)
ConnectionResetError: [WinError 10054] An existing connection was forcibly closed by the remote host
[2023-06-10 20:49:31,178: INFO: main: >>>>>>stage Data Ingestion Stage. started<<<<<<<]
[2023-06-10 20:49:31,183: INFO: common: yaml file: config\config.yaml is loaded succesfully.]
[2023-06-10 20:49:31,192: INFO: common: yaml file: params.yaml is loaded succesfully.]
[2023-06-10 20:49:31,195: INFO: common: Created a directory at: artifacts]
[2023-06-10 20:49:31,196: INFO: configuration: created directory at: artifacts]
[2023-06-10 20:49:31,197: INFO: common: Created a directory at: artifacts/data_ingestion]
[2023-06-10 20:49:31,198: INFO: configuration: created directory at: artifacts/data_ingestion]
[2023-06-10 20:49:49,541: INFO: data_ingestion: artifacts/data_ingestion/data.zip downloaded with the following info: 
 Connection: close
Content-Length: 11616915
Cache-Control: max-age=300
Content-Security-Policy: default-src 'none'; style-src 'unsafe-inline'; sandbox
Content-Type: application/zip
ETag: "adf745abc03891fe493c3be264ec012691fe3fa21d861f35a27edbe6d86a76b1"
Strict-Transport-Security: max-age=31536000
X-Content-Type-Options: nosniff
X-Frame-Options: deny
X-XSS-Protection: 1; mode=block
X-GitHub-Request-Id: 08D0:0A56:E48CAC:11053BE:6484B7AE
Accept-Ranges: bytes
Date: Sat, 10 Jun 2023 17:49:34 GMT
Via: 1.1 varnish
X-Served-By: cache-mia-kmia1760057-MIA
X-Cache: MISS
X-Cache-Hits: 0
X-Timer: S1686419374.019182,VS0,VE244
Vary: Authorization,Accept-Encoding,Origin
Access-Control-Allow-Origin: *
Cross-Origin-Resource-Policy: cross-origin
X-Fastly-Request-ID: a435c4c902ce677508cd3aea9fbdfaecac5841ca
Expires: Sat, 10 Jun 2023 17:54:34 GMT
Source-Age: 0

]
[2023-06-10 20:49:50,480: INFO: main: >>>>>>stage Data Ingestion Stage. completed<<<<<<<

x=====================x]
[2023-06-10 20:49:50,482: INFO: main: ****************************************]
[2023-06-10 20:49:50,482: INFO: main: >>>>>>>>>>stage {STAGE_NAME} started <<<<<<<<<<]
[2023-06-10 20:49:50,487: INFO: common: yaml file: config\config.yaml is loaded succesfully.]
[2023-06-10 20:49:50,491: INFO: common: yaml file: params.yaml is loaded succesfully.]
[2023-06-10 20:49:50,492: INFO: configuration: created directory at: artifacts]
[2023-06-10 20:49:50,494: INFO: common: Created a directory at: artifacts/prepare_base_model]
[2023-06-10 20:49:52,297: WARNING: saving_utils: Compiled the loaded model, but the compiled metrics have yet to be built. `model.compile_metrics` will be empty until you train or evaluate the model.]
[2023-06-10 20:49:53,191: INFO: main: >>>>>>>>>>stage {STAGE_NAME} completed <<<<<<<<<<

]
[2023-06-11 18:10:36,180: INFO: common: yaml file: config\config.yaml is loaded succesfully.]
[2023-06-11 18:10:36,322: INFO: common: yaml file: params.yaml is loaded succesfully.]
[2023-06-11 18:10:36,338: INFO: 1885244473: created directory at: artifacts]
[2023-06-11 18:10:36,366: INFO: common: Created a directory at: artifacts\prepare_callbacks\tensorboard_log_dir]
[2023-06-11 18:10:36,380: INFO: common: Created a directory at: artifacts\prepare_callbacks\checkpoint_dir]
[2023-06-11 18:11:33,013: INFO: common: yaml file: config\config.yaml is loaded succesfully.]
[2023-06-11 18:11:33,039: INFO: common: yaml file: params.yaml is loaded succesfully.]
[2023-06-11 18:11:33,056: INFO: 1885244473: created directory at: artifacts]
[2023-06-11 18:11:33,067: INFO: common: Created a directory at: artifacts\prepare_callbacks\tensorboard_log_dir]
[2023-06-11 18:11:33,071: INFO: common: Created a directory at: artifacts\prepare_callbacks\checkpoint_dir]
[2023-06-11 19:31:15,506: INFO: common: yaml file: config\config.yaml is loaded succesfully.]
[2023-06-11 19:31:15,580: INFO: common: yaml file: params.yaml is loaded succesfully.]
[2023-06-11 19:31:15,593: INFO: 1557836114: created directory at: artifacts]
[2023-06-11 19:32:43,444: INFO: common: yaml file: config\config.yaml is loaded succesfully.]
[2023-06-11 19:32:43,451: INFO: common: yaml file: params.yaml is loaded succesfully.]
[2023-06-11 19:32:43,454: INFO: 3283780363: created directory at: artifacts]
[2023-06-11 19:32:43,460: INFO: common: Created a directory at: artifacts\training]
[2023-06-11 19:33:58,155: INFO: common: yaml file: config\config.yaml is loaded succesfully.]
[2023-06-11 19:33:58,164: INFO: common: yaml file: params.yaml is loaded succesfully.]
[2023-06-11 19:33:58,168: INFO: 2445023953: created directory at: artifacts]
[2023-06-11 19:37:38,735: INFO: common: yaml file: config\config.yaml is loaded succesfully.]
[2023-06-11 19:37:39,038: INFO: common: yaml file: params.yaml is loaded succesfully.]
[2023-06-11 19:37:39,043: INFO: 2445023953: created directory at: artifacts]
[2023-06-11 19:45:21,615: INFO: common: yaml file: config\config.yaml is loaded succesfully.]
[2023-06-11 19:45:21,631: INFO: common: yaml file: params.yaml is loaded succesfully.]
[2023-06-11 19:45:21,637: INFO: 2445023953: created directory at: artifacts]
[2023-06-11 19:52:10,466: INFO: common: yaml file: config\config.yaml is loaded succesfully.]
[2023-06-11 19:52:10,478: INFO: common: yaml file: params.yaml is loaded succesfully.]
[2023-06-11 19:52:10,482: INFO: 2445023953: created directory at: artifacts]
[2023-06-11 20:15:04,497: INFO: common: yaml file: config\config.yaml is loaded succesfully.]
[2023-06-11 20:15:04,530: INFO: common: yaml file: params.yaml is loaded succesfully.]
[2023-06-11 20:15:04,544: INFO: 2445023953: created directory at: artifacts]
[2023-06-11 20:54:16,410: INFO: main: >>>>>>stage Data Ingestion Stage. started<<<<<<<]
[2023-06-11 20:54:16,421: INFO: common: yaml file: config\config.yaml is loaded succesfully.]
[2023-06-11 20:54:16,430: INFO: common: yaml file: params.yaml is loaded succesfully.]
[2023-06-11 20:54:16,433: INFO: common: Created a directory at: artifacts]
[2023-06-11 20:54:16,433: INFO: configuration: created directory at: artifacts]
[2023-06-11 20:54:16,434: INFO: common: Created a directory at: artifacts/data_ingestion]
[2023-06-11 20:54:16,435: INFO: configuration: created directory at: artifacts/data_ingestion]
[2023-06-11 20:54:45,050: INFO: data_ingestion: artifacts/data_ingestion/data.zip downloaded with the following info: 
 Connection: close
Content-Length: 11616915
Cache-Control: max-age=300
Content-Security-Policy: default-src 'none'; style-src 'unsafe-inline'; sandbox
Content-Type: application/zip
ETag: "adf745abc03891fe493c3be264ec012691fe3fa21d861f35a27edbe6d86a76b1"
Strict-Transport-Security: max-age=31536000
X-Content-Type-Options: nosniff
X-Frame-Options: deny
X-XSS-Protection: 1; mode=block
X-GitHub-Request-Id: AF00:6D24:C83B7:F3EF2:64860A4C
Accept-Ranges: bytes
Date: Sun, 11 Jun 2023 17:54:21 GMT
Via: 1.1 varnish
X-Served-By: cache-chi-kigq8000093-CHI
X-Cache: MISS
X-Cache-Hits: 0
X-Timer: S1686506061.872305,VS0,VE290
Vary: Authorization,Accept-Encoding,Origin
Access-Control-Allow-Origin: *
Cross-Origin-Resource-Policy: cross-origin
X-Fastly-Request-ID: b1ec1f255c8f8f3cd433127b90ba9ae05cca3c0b
Expires: Sun, 11 Jun 2023 17:59:21 GMT
Source-Age: 0

]
[2023-06-11 20:54:46,298: INFO: main: >>>>>>stage Data Ingestion Stage. completed<<<<<<<

x=====================x]
[2023-06-11 20:54:46,299: INFO: main: ****************************************]
[2023-06-11 20:54:46,299: INFO: main: >>>>>>>>>>stage Prepare base model started <<<<<<<<<<]
[2023-06-11 20:54:46,311: INFO: common: yaml file: config\config.yaml is loaded succesfully.]
[2023-06-11 20:54:46,316: INFO: common: yaml file: params.yaml is loaded succesfully.]
[2023-06-11 20:54:46,317: INFO: configuration: created directory at: artifacts]
[2023-06-11 20:54:46,318: INFO: common: Created a directory at: artifacts/prepare_base_model]
[2023-06-11 20:54:48,702: WARNING: saving_utils: Compiled the loaded model, but the compiled metrics have yet to be built. `model.compile_metrics` will be empty until you train or evaluate the model.]
[2023-06-11 20:54:49,646: INFO: main: >>>>>>>>>>stage Prepare base model completed <<<<<<<<<<

]
[2023-06-11 20:54:49,648: INFO: main: ****************************************]
[2023-06-11 20:54:49,648: INFO: main: >>>>>>>>>>stage TRAINING started <<<<<<<<<<]
[2023-06-11 20:54:49,661: INFO: common: yaml file: config\config.yaml is loaded succesfully.]
[2023-06-11 20:54:49,668: INFO: common: yaml file: params.yaml is loaded succesfully.]
[2023-06-11 20:54:49,670: INFO: configuration: created directory at: artifacts]
[2023-06-11 20:54:49,675: INFO: common: Created a directory at: artifacts\prepare_callbacks\tensorboard_log_dir]
[2023-06-11 20:54:49,678: INFO: common: Created a directory at: artifacts\prepare_callbacks\checkpoint_dir]
[2023-06-11 20:54:49,682: INFO: common: Created a directory at: artifacts\training]
[2023-06-11 20:56:20,948: INFO: main: >>>>>>stage Data Ingestion Stage. started<<<<<<<]
[2023-06-11 20:56:20,957: INFO: common: yaml file: config\config.yaml is loaded succesfully.]
[2023-06-11 20:56:20,964: INFO: common: yaml file: params.yaml is loaded succesfully.]
[2023-06-11 20:56:20,965: INFO: common: Created a directory at: artifacts]
[2023-06-11 20:56:20,966: INFO: configuration: created directory at: artifacts]
[2023-06-11 20:56:20,967: INFO: common: Created a directory at: artifacts/data_ingestion]
[2023-06-11 20:56:20,967: INFO: configuration: created directory at: artifacts/data_ingestion]
[2023-06-11 20:57:00,027: INFO: data_ingestion: artifacts/data_ingestion/data.zip downloaded with the following info: 
 Connection: close
Content-Length: 11616915
Cache-Control: max-age=300
Content-Security-Policy: default-src 'none'; style-src 'unsafe-inline'; sandbox
Content-Type: application/zip
ETag: "adf745abc03891fe493c3be264ec012691fe3fa21d861f35a27edbe6d86a76b1"
Strict-Transport-Security: max-age=31536000
X-Content-Type-Options: nosniff
X-Frame-Options: deny
X-XSS-Protection: 1; mode=block
X-GitHub-Request-Id: AF00:6D24:C83B7:F3EF2:64860A4C
Accept-Ranges: bytes
Date: Sun, 11 Jun 2023 17:56:22 GMT
Via: 1.1 varnish
X-Served-By: cache-chi-kigq8000030-CHI
X-Cache: HIT
X-Cache-Hits: 0
X-Timer: S1686506182.378516,VS0,VE1
Vary: Authorization,Accept-Encoding,Origin
Access-Control-Allow-Origin: *
Cross-Origin-Resource-Policy: cross-origin
X-Fastly-Request-ID: 9bc6fd6feb376eaf3c149d12be4553abcf7c58f3
Expires: Sun, 11 Jun 2023 18:01:22 GMT
Source-Age: 121

]
[2023-06-11 20:57:00,709: INFO: main: >>>>>>stage Data Ingestion Stage. completed<<<<<<<

x=====================x]
[2023-06-11 20:57:00,710: INFO: main: ****************************************]
[2023-06-11 20:57:00,711: INFO: main: >>>>>>>>>>stage Prepare base model started <<<<<<<<<<]
[2023-06-11 20:57:00,719: INFO: common: yaml file: config\config.yaml is loaded succesfully.]
[2023-06-11 20:57:00,723: INFO: common: yaml file: params.yaml is loaded succesfully.]
[2023-06-11 20:57:00,724: INFO: configuration: created directory at: artifacts]
[2023-06-11 20:57:00,725: INFO: common: Created a directory at: artifacts/prepare_base_model]
[2023-06-11 20:57:02,211: WARNING: saving_utils: Compiled the loaded model, but the compiled metrics have yet to be built. `model.compile_metrics` will be empty until you train or evaluate the model.]
[2023-06-11 20:57:02,593: INFO: main: >>>>>>>>>>stage Prepare base model completed <<<<<<<<<<

]
[2023-06-11 20:57:02,593: INFO: main: ****************************************]
[2023-06-11 20:57:02,594: INFO: main: >>>>>>>>>>stage TRAINING started <<<<<<<<<<]
[2023-06-11 20:57:02,600: INFO: common: yaml file: config\config.yaml is loaded succesfully.]
[2023-06-11 20:57:02,604: INFO: common: yaml file: params.yaml is loaded succesfully.]
[2023-06-11 20:57:02,605: INFO: configuration: created directory at: artifacts]
[2023-06-11 20:57:02,607: INFO: common: Created a directory at: artifacts\prepare_callbacks\tensorboard_log_dir]
[2023-06-11 20:57:02,608: INFO: common: Created a directory at: artifacts\prepare_callbacks\checkpoint_dir]
[2023-06-11 20:57:02,610: INFO: common: Created a directory at: artifacts\training]
[2023-06-11 20:59:42,897: INFO: main: >>>>>>>>>>stage TRAINING completed <<<<<<<<<<

]
